<testsuite name="test-test-suite" time="0.718" failures="0" errors="0" skipped="0" tests="1">
  <properties>
    <property key="java.runtime.name" value="Java(TM) SE Runtime Environment"/>
    <property key="sun.boot.library.path" value="/Library/Java/JavaVirtualMachines/jdk1.8.0_171.jdk/Contents/Home/jre/lib"/>
    <property key="java.vm.version" value="25.171-b11"/>
    <property key="gopherProxySet" value="false"/>
    <property key="maven.multiModuleProjectDirectory" value="/Users/arianna.flores/AnypointStudio/00198935/test"/>
    <property key="java.vm.vendor" value="Oracle Corporation"/>
    <property key="java.vendor.url" value="http://java.oracle.com/"/>
    <property key="guice.disable.misplaced.annotation.check" value="true"/>
    <property key="path.separator" value=":"/>
    <property key="java.vm.name" value="Java HotSpot(TM) 64-Bit Server VM"/>
    <property key="file.encoding.pkg" value="sun.io"/>
    <property key="user.country" value="AR"/>
    <property key="sun.java.launcher" value="SUN_STANDARD"/>
    <property key="sun.os.patch.level" value="unknown"/>
    <property key="java.vm.specification.name" value="Java Virtual Machine Specification"/>
    <property key="user.dir" value="/Users/arianna.flores/AnypointStudio/00198935/test"/>
    <property key="java.runtime.version" value="1.8.0_171-b11"/>
    <property key="java.awt.graphicsenv" value="sun.awt.CGraphicsEnvironment"/>
    <property key="java.endorsed.dirs" value="/Library/Java/JavaVirtualMachines/jdk1.8.0_171.jdk/Contents/Home/jre/lib/endorsed"/>
    <property key="os.arch" value="x86_64"/>
    <property key="java.io.tmpdir" value="/var/folders/nn/kfg8b4851g796jtsd1phldkr0000gn/T/"/>
    <property key="line.separator" value="&#xa;"/>
    <property key="java.vm.specification.vendor" value="Oracle Corporation"/>
    <property key="os.name" value="Mac OS X"/>
    <property key="classworlds.conf" value="/Users/arianna.flores/apache-maven-3.5.3/bin/m2.conf"/>
    <property key="sun.jnu.encoding" value="UTF-8"/>
    <property key="java.library.path" value="/Users/arianna.flores/Library/Java/Extensions:/Library/Java/Extensions:/Network/Library/Java/Extensions:/System/Library/Java/Extensions:/usr/lib/java:."/>
    <property key="maven.conf" value="/Users/arianna.flores/apache-maven-3.5.3/conf"/>
    <property key="java.specification.name" value="Java Platform API Specification"/>
    <property key="java.class.version" value="52.0"/>
    <property key="sun.management.compiler" value="HotSpot 64-Bit Tiered Compilers"/>
    <property key="os.version" value="10.13.3"/>
    <property key="library.jansi.path" value="/Users/arianna.flores/apache-maven-3.5.3/lib/jansi-native"/>
    <property key="http.nonProxyHosts" value="local|*.local|169.254/16|*.169.254/16"/>
    <property key="user.home" value="/Users/arianna.flores"/>
    <property key="user.timezone" value="America/Argentina/Buenos_Aires"/>
    <property key="java.awt.printerjob" value="sun.lwawt.macosx.CPrinterJob"/>
    <property key="file.encoding" value="UTF-8"/>
    <property key="java.specification.version" value="1.8"/>
    <property key="java.class.path" value="/Users/arianna.flores/apache-maven-3.5.3/boot/plexus-classworlds-2.5.2.jar"/>
    <property key="user.name" value="arianna.flores"/>
    <property key="java.vm.specification.version" value="1.8"/>
    <property key="sun.java.command" value="org.codehaus.plexus.classworlds.launcher.Launcher test"/>
    <property key="java.home" value="/Library/Java/JavaVirtualMachines/jdk1.8.0_171.jdk/Contents/Home/jre"/>
    <property key="sun.arch.data.model" value="64"/>
    <property key="user.language" value="en"/>
    <property key="java.specification.vendor" value="Oracle Corporation"/>
    <property key="awt.toolkit" value="sun.lwawt.macosx.LWCToolkit"/>
    <property key="java.vm.info" value="mixed mode"/>
    <property key="java.version" value="1.8.0_171"/>
    <property key="java.ext.dirs" value="/Users/arianna.flores/Library/Java/Extensions:/Library/Java/JavaVirtualMachines/jdk1.8.0_171.jdk/Contents/Home/jre/lib/ext:/Library/Java/Extensions:/Network/Library/Java/Extensions:/System/Library/Java/Extensions:/usr/lib/java"/>
    <property key="sun.boot.class.path" value="/Library/Java/JavaVirtualMachines/jdk1.8.0_171.jdk/Contents/Home/jre/lib/resources.jar:/Library/Java/JavaVirtualMachines/jdk1.8.0_171.jdk/Contents/Home/jre/lib/rt.jar:/Library/Java/JavaVirtualMachines/jdk1.8.0_171.jdk/Contents/Home/jre/lib/sunrsasign.jar:/Library/Java/JavaVirtualMachines/jdk1.8.0_171.jdk/Contents/Home/jre/lib/jsse.jar:/Library/Java/JavaVirtualMachines/jdk1.8.0_171.jdk/Contents/Home/jre/lib/jce.jar:/Library/Java/JavaVirtualMachines/jdk1.8.0_171.jdk/Contents/Home/jre/lib/charsets.jar:/Library/Java/JavaVirtualMachines/jdk1.8.0_171.jdk/Contents/Home/jre/lib/jfr.jar:/Library/Java/JavaVirtualMachines/jdk1.8.0_171.jdk/Contents/Home/jre/classes"/>
    <property key="java.vendor" value="Oracle Corporation"/>
    <property key="maven.home" value="/Users/arianna.flores/apache-maven-3.5.3"/>
    <property key="file.separator" value="/"/>
    <property key="java.vendor.url.bug" value="http://bugreport.sun.com/bugreport/"/>
    <property key="sun.io.unicode.encoding" value="UnicodeBig"/>
    <property key="sun.cpu.endian" value="little"/>
    <property key="socksNonProxyHosts" value="local|*.local|169.254/16|*.169.254/16"/>
    <property key="ftp.nonProxyHosts" value="local|*.local|169.254/16|*.169.254/16"/>
    <property key="sun.cpu.isalist" value=""/>
    <property key="mule.testingMode" value="true"/>
    <property key="mule.working.dir" value="/Users/arianna.flores/AnypointStudio/00198935/test/target/.mule"/>
  </properties>
  <testcase time="0.06" name="test-test-suite-testFlowTest" classname="test-test-suite"/>
</testsuite>